#
# A fatal error has been detected by the Java Runtime Environment:
#
#  EXCEPTION_ACCESS_VIOLATION (0xc0000005) at pc=0x000000006e2576c0, pid=13600, tid=0x000000000000378c
#
# JRE version: Java(TM) SE Runtime Environment (8.0_111-b14) (build 1.8.0_111-b14)
# Java VM: Java HotSpot(TM) 64-Bit Server VM (25.111-b14 mixed mode windows-amd64 compressed oops)
# Problematic frame:
# V  [jvm.dll+0x1476c0]
#
# Failed to write core dump. Minidumps are not enabled by default on client versions of Windows
#
# If you would like to submit a bug report, please visit:
#   http://bugreport.java.com/bugreport/crash.jsp
#

---------------  T H R E A D  ---------------

Current thread (0x000000001a371800):  JavaThread "jME3 Main" [_thread_in_vm, id=14220, stack(0x000000001c4e0000,0x000000001c5e0000)]

siginfo: ExceptionCode=0xc0000005, reading address 0x0000003c0000000d

Registers:
RAX=0x0000000000000000, RBX=0x000000001a371800, RCX=0x0000000000000180, RDX=0x0000003c00000005
RSP=0x000000001c5dedd0, RBP=0x0000000000000032, RSI=0x000000001a36c7c0, RDI=0x00000000033b835d
R8 =0x0000000000000032, R9 =0x0000003c00000005, R10=0x0000000000000016, R11=0x000000000000000c
R12=0x0000000000000000, R13=0x00000000208ab4a8, R14=0x000000001c5def98, R15=0x000000001a371800
RIP=0x000000006e2576c0, EFLAGS=0x0000000000010202

Top of Stack: (sp=0x000000001c5dedd0)
0x000000001c5dedd0:   000000001a371800 000000001c5def98
0x000000001c5dede0:   00000000208ab4a8 0000000000000000
0x000000001c5dedf0:   000000001c5deeb0 000000006e2eb687
0x000000001c5dee00:   0000000000000000 0000000000000000
0x000000001c5dee10:   00000000033b835d 00007fff5b0536a0
0x000000001c5dee20:   00000000208ab4a8 000000001c5def60
0x000000001c5dee30:   0000000080200031 000000001a36c7c0
0x000000001c5dee40:   00000000208ab4a8 00007fff5b0516e3
0x000000001c5dee50:   000000001a3719f8 000000001a36c7c0
0x000000001c5dee60:   0000000000000032 0000000000000000
0x000000001c5dee70:   000000000000000e 000000001a371800
0x000000001c5dee80:   00000000208ab4a8 00007fff5affacc6
0x000000001c5dee90:   000000001a3719f8 000000001a36c7c0
0x000000001c5deea0:   000000001c5deec0 00000000033c7e06
0x000000001c5deeb0:   000000001e4cad70 000000001a371800
0x000000001c5deec0:   00000000208ab4a8 0000000080200031 

Instructions: (pc=0x000000006e2576c0)
0x000000006e2576a0:   74 08 48 8b cb e8 16 af 0f 00 c7 83 70 02 00 00
0x000000006e2576b0:   06 00 00 00 80 3d a6 3c 6c 00 00 48 8b 16 74 16
0x000000006e2576c0:   44 8b 4a 08 8b 0d de 70 65 00 49 d3 e1 4c 03 0d
0x000000006e2576d0:   cc 70 65 00 eb 04 4c 8b 4a 08 48 8b fd 48 c1 ef 


Register to memory mapping:

RAX=0x0000000000000000 is an unknown value
RBX=0x000000001a371800 is a thread
RCX=0x0000000000000180 is an unknown value
RDX=0x0000003c00000005 is an unknown value
RSP=0x000000001c5dedd0 is pointing into the stack for thread: 0x000000001a371800
RBP=0x0000000000000032 is an unknown value
RSI=0x000000001a36c7c0 is an unknown value
RDI=0x00000000033b835d is at code_begin+2301 in an Interpreter codelet
invoke return entry points  [0x00000000033b7a60, 0x00000000033b8440]  2528 bytes
R8 =0x0000000000000032 is an unknown value
R9 =0x0000003c00000005 is an unknown value
R10=0x0000000000000016 is an unknown value
R11=0x000000000000000c is an unknown value
R12=0x0000000000000000 is an unknown value
R13={method} {0x00000000208ab4b0} 'setGravity' '(JF)V' in 'com/jme3/bullet/objects/PhysicsCharacter'
R14=0x000000001c5def98 is pointing into the stack for thread: 0x000000001a371800
R15=0x000000001a371800 is a thread


Stack: [0x000000001c4e0000,0x000000001c5e0000],  sp=0x000000001c5dedd0,  free space=1019k
Native frames: (J=compiled Java code, j=interpreted, Vv=VM code, C=native code)
V  [jvm.dll+0x1476c0]
C  [bulletjme.dll+0x1036a0]
C  [bulletjme.dll+0x1016e3]
C  [bulletjme.dll+0xaacc6]
C  0x00000000033c7f74

Java frames: (J=compiled Java code, j=interpreted, Vv=VM code)
j  com.jme3.bullet.objects.PhysicsCharacter.setGravity(JF)V+0
j  com.jme3.bullet.objects.PhysicsCharacter.setGravity(F)V+6
j  teste.HelloCollision.simpleInitApp()V+182
j  com.jme3.app.SimpleApplication.initialize()V+282
j  com.jme3.system.lwjgl.LwjglAbstractDisplay.initInThread()Z+90
j  com.jme3.system.lwjgl.LwjglAbstractDisplay.run()V+36
j  java.lang.Thread.run()V+11
v  ~StubRoutines::call_stub

---------------  P R O C E S S  ---------------

Java Threads: ( => current thread )
  0x000000001a62e000 JavaThread "jME3 Audio Decoder" daemon [_thread_blocked, id=9472, stack(0x00000000203a0000,0x00000000204a0000)]
  0x00000000018ee000 JavaThread "DestroyJavaVM" [_thread_blocked, id=9144, stack(0x0000000003100000,0x0000000003200000)]
=>0x000000001a371800 JavaThread "jME3 Main" [_thread_in_vm, id=14220, stack(0x000000001c4e0000,0x000000001c5e0000)]
  0x000000001a32d000 JavaThread "TimerQueue" daemon [_thread_blocked, id=12640, stack(0x000000001bae0000,0x000000001bbe0000)]
  0x000000001a16a800 JavaThread "Image Fetcher 0" daemon [_thread_blocked, id=8348, stack(0x000000001b3a0000,0x000000001b4a0000)]
  0x000000001a0ae800 JavaThread "AWT-EventQueue-0" [_thread_blocked, id=12964, stack(0x000000001aba0000,0x000000001aca0000)]
  0x000000001a0ac800 JavaThread "AWT-Windows" daemon [_thread_in_native, id=6016, stack(0x000000001a9c0000,0x000000001aac0000)]
  0x000000001a0aa000 JavaThread "AWT-Shutdown" [_thread_blocked, id=6800, stack(0x000000001a8c0000,0x000000001a9c0000)]
  0x000000001a0a9800 JavaThread "Java2D Disposer" daemon [_thread_blocked, id=2100, stack(0x000000001a7c0000,0x000000001a8c0000)]
  0x0000000019898800 JavaThread "Service Thread" daemon [_thread_blocked, id=11224, stack(0x0000000019c60000,0x0000000019d60000)]
  0x0000000017ef4000 JavaThread "C1 CompilerThread2" daemon [_thread_blocked, id=14172, stack(0x0000000019760000,0x0000000019860000)]
  0x0000000017eec000 JavaThread "C2 CompilerThread1" daemon [_thread_in_native, id=8480, stack(0x0000000019660000,0x0000000019760000)]
  0x0000000017efc000 JavaThread "C2 CompilerThread0" daemon [_thread_blocked, id=220, stack(0x0000000019560000,0x0000000019660000)]
  0x0000000017efb000 JavaThread "Attach Listener" daemon [_thread_blocked, id=3668, stack(0x0000000019460000,0x0000000019560000)]
  0x0000000017efa000 JavaThread "Signal Dispatcher" daemon [_thread_blocked, id=7368, stack(0x0000000019360000,0x0000000019460000)]
  0x0000000017eda800 JavaThread "Finalizer" daemon [_thread_blocked, id=11616, stack(0x0000000019150000,0x0000000019250000)]
  0x0000000017eb9000 JavaThread "Reference Handler" daemon [_thread_blocked, id=13864, stack(0x0000000019050000,0x0000000019150000)]

Other Threads:
  0x0000000017eb7800 VMThread [stack: 0x0000000018f50000,0x0000000019050000] [id=4644]
  0x00000000198ab000 WatcherThread [stack: 0x0000000019ec0000,0x0000000019fc0000] [id=9480]

VM state:not at safepoint (normal execution)

VM Mutex/Monitor currently owned by a thread: None

Heap:
 PSYoungGen      total 38400K, used 24143K [0x00000000d5e00000, 0x00000000d8880000, 0x0000000100000000)
  eden space 33280K, 57% used [0x00000000d5e00000,0x00000000d709a4c8,0x00000000d7e80000)
  from space 5120K, 99% used [0x00000000d7e80000,0x00000000d8379a20,0x00000000d8380000)
  to   space 5120K, 0% used [0x00000000d8380000,0x00000000d8380000,0x00000000d8880000)
 ParOldGen       total 87552K, used 3435K [0x0000000081a00000, 0x0000000086f80000, 0x00000000d5e00000)
  object space 87552K, 3% used [0x0000000081a00000,0x0000000081d5af60,0x0000000086f80000)
 Metaspace       used 18833K, capacity 19041K, committed 19456K, reserved 1067008K
  class space    used 2169K, capacity 2234K, committed 2304K, reserved 1048576K

Card table byte_map: [0x0000000012770000,0x0000000012b70000] byte_map_base: 0x0000000012363000

Marking Bits: (ParMarkBitMap*) 0x000000006e92a6c0
 Begin Bits: [0x0000000013220000, 0x00000000151b8000)
 End Bits:   [0x00000000151b8000, 0x0000000017150000)

Polling page: 0x0000000001830000

CodeCache: size=245760Kb used=5446Kb max_used=5446Kb free=240313Kb
 bounds [0x00000000033b0000, 0x0000000003910000, 0x00000000123b0000]
 total_blobs=2217 nmethods=1590 adapters=539
 compilation: enabled

Compilation events (10 events):
Event: 2.931 Thread 0x0000000017efc000 nmethod 1586 0x00000000038f9350 code [0x00000000038f9480, 0x00000000038f9518]
Event: 2.933 Thread 0x0000000017ef4000 1587       3       com.jme3.math.Vector3f::multLocal (56 bytes)
Event: 2.933 Thread 0x0000000017ef4000 nmethod 1587 0x00000000038fb490 code [0x00000000038fb640, 0x00000000038fbd38]
Event: 2.935 Thread 0x0000000017ef4000 1588       3       java.lang.Throwable::<init> (39 bytes)
Event: 2.935 Thread 0x0000000017ef4000 nmethod 1588 0x0000000003900850 code [0x00000000039009c0, 0x0000000003900cc8]
Event: 2.935 Thread 0x0000000017ef4000 1589   !   3       java.security.SecureClassLoader::getProtectionDomain (114 bytes)
Event: 2.935 Thread 0x0000000017ef4000 nmethod 1589 0x00000000038ffbd0 code [0x00000000038ffd80, 0x0000000003900518]
Event: 2.936 Thread 0x0000000017ef4000 1590   !   3       sun.misc.Resource::getBytes (242 bytes)
Event: 2.937 Thread 0x0000000017ef4000 nmethod 1590 0x0000000003901090 code [0x0000000003901380, 0x0000000003902ce8]
Event: 2.937 Thread 0x0000000017ef4000 1592   !   3       java.lang.ClassLoader::findNative (86 bytes)

GC Heap History (2 events):
Event: 2.650 GC heap before
{Heap before GC invocations=1 (full 0):
 PSYoungGen      total 38400K, used 32599K [0x00000000d5e00000, 0x00000000d8880000, 0x0000000100000000)
  eden space 33280K, 97% used [0x00000000d5e00000,0x00000000d7dd5c88,0x00000000d7e80000)
  from space 5120K, 0% used [0x00000000d8380000,0x00000000d8380000,0x00000000d8880000)
  to   space 5120K, 0% used [0x00000000d7e80000,0x00000000d7e80000,0x00000000d8380000)
 ParOldGen       total 87552K, used 0K [0x0000000081a00000, 0x0000000086f80000, 0x00000000d5e00000)
  object space 87552K, 0% used [0x0000000081a00000,0x0000000081a00000,0x0000000086f80000)
 Metaspace       used 18385K, capacity 18665K, committed 18944K, reserved 1067008K
  class space    used 2146K, capacity 2198K, committed 2304K, reserved 1048576K
Event: 2.657 GC heap after
Heap after GC invocations=1 (full 0):
 PSYoungGen      total 38400K, used 5094K [0x00000000d5e00000, 0x00000000d8880000, 0x0000000100000000)
  eden space 33280K, 0% used [0x00000000d5e00000,0x00000000d5e00000,0x00000000d7e80000)
  from space 5120K, 99% used [0x00000000d7e80000,0x00000000d8379a20,0x00000000d8380000)
  to   space 5120K, 0% used [0x00000000d8380000,0x00000000d8380000,0x00000000d8880000)
 ParOldGen       total 87552K, used 3435K [0x0000000081a00000, 0x0000000086f80000, 0x00000000d5e00000)
  object space 87552K, 3% used [0x0000000081a00000,0x0000000081d5af60,0x0000000086f80000)
 Metaspace       used 18385K, capacity 18665K, committed 18944K, reserved 1067008K
  class space    used 2146K, capacity 2198K, committed 2304K, reserved 1048576K
}

Deoptimization events (10 events):
Event: 2.883 Thread 0x000000001a371800 Uncommon trap: reason=class_check action=maybe_recompile pc=0x00000000038da0ec method=com.sun.org.apache.xerces.internal.parsers.AbstractSAXParser.characters(Lcom/sun/org/apache/xerces/internal/xni/XMLString;Lcom/sun/org/apache/xerces/internal/xni/Augment
Event: 2.884 Thread 0x000000001a371800 Uncommon trap: reason=class_check action=maybe_recompile pc=0x00000000038da0ec method=com.sun.org.apache.xerces.internal.parsers.AbstractSAXParser.characters(Lcom/sun/org/apache/xerces/internal/xni/XMLString;Lcom/sun/org/apache/xerces/internal/xni/Augment
Event: 2.884 Thread 0x000000001a371800 Uncommon trap: reason=class_check action=maybe_recompile pc=0x00000000038da0ec method=com.sun.org.apache.xerces.internal.parsers.AbstractSAXParser.characters(Lcom/sun/org/apache/xerces/internal/xni/XMLString;Lcom/sun/org/apache/xerces/internal/xni/Augment
Event: 2.884 Thread 0x000000001a371800 Uncommon trap: reason=class_check action=maybe_recompile pc=0x00000000038e50fc method=com.sun.org.apache.xerces.internal.parsers.AbstractSAXParser.startElement(Lcom/sun/org/apache/xerces/internal/xni/QName;Lcom/sun/org/apache/xerces/internal/xni/XMLAttrib
Event: 2.884 Thread 0x000000001a371800 Uncommon trap: reason=class_check action=maybe_recompile pc=0x00000000038da0ec method=com.sun.org.apache.xerces.internal.parsers.AbstractSAXParser.characters(Lcom/sun/org/apache/xerces/internal/xni/XMLString;Lcom/sun/org/apache/xerces/internal/xni/Augment
Event: 2.884 Thread 0x000000001a371800 Uncommon trap: reason=class_check action=maybe_recompile pc=0x00000000038e50fc method=com.sun.org.apache.xerces.internal.parsers.AbstractSAXParser.startElement(Lcom/sun/org/apache/xerces/internal/xni/QName;Lcom/sun/org/apache/xerces/internal/xni/XMLAttrib
Event: 2.884 Thread 0x000000001a371800 Uncommon trap: reason=class_check action=maybe_recompile pc=0x00000000038e49ec method=com.sun.org.apache.xerces.internal.parsers.AbstractSAXParser.startElement(Lcom/sun/org/apache/xerces/internal/xni/QName;Lcom/sun/org/apache/xerces/internal/xni/XMLAttrib
Event: 2.884 Thread 0x000000001a371800 Uncommon trap: reason=class_check action=maybe_recompile pc=0x00000000038e50fc method=com.sun.org.apache.xerces.internal.parsers.AbstractSAXParser.startElement(Lcom/sun/org/apache/xerces/internal/xni/QName;Lcom/sun/org/apache/xerces/internal/xni/XMLAttrib
Event: 2.884 Thread 0x000000001a371800 Uncommon trap: reason=class_check action=maybe_recompile pc=0x00000000038dab9c method=com.sun.org.apache.xerces.internal.parsers.AbstractSAXParser.startElement(Lcom/sun/org/apache/xerces/internal/xni/QName;Lcom/sun/org/apache/xerces/internal/xni/XMLAttrib
Event: 2.884 Thread 0x000000001a371800 Uncommon trap: reason=class_check action=maybe_recompile pc=0x0000000003889be8 method=com.sun.org.apache.xerces.internal.impl.XMLDocumentScannerImpl.next()I @ 4

Internal exceptions (10 events):
Event: 0.213 Thread 0x00000000018ee000 Exception <a 'java/lang/NoSuchFieldError': method resolution failed> (0x00000000d61f06d8) thrown at [C:\re\workspace\8-2-build-windows-amd64-cygwin\jdk8u111\7883\hotspot\src\share\vm\prims\methodHandles.cpp, line 1146]
Event: 0.214 Thread 0x00000000018ee000 Exception <a 'java/lang/NoSuchFieldError': method resolution failed> (0x00000000d61fda28) thrown at [C:\re\workspace\8-2-build-windows-amd64-cygwin\jdk8u111\7883\hotspot\src\share\vm\prims\methodHandles.cpp, line 1146]
Event: 0.279 Thread 0x000000001a0ae800 Exception <a 'java/io/FileNotFoundException'> (0x00000000d640d3c8) thrown at [C:\re\workspace\8-2-build-windows-amd64-cygwin\jdk8u111\7883\hotspot\src\share\vm\prims\jni.cpp, line 709]
Event: 0.316 Thread 0x000000001a0ae800 Exception <a 'java/lang/NoClassDefFoundError'> (0x00000000d64bd748) thrown at [C:\re\workspace\8-2-build-windows-amd64-cygwin\jdk8u111\7883\hotspot\src\share\vm\prims\jvm.cpp, line 1390]
Event: 2.452 Thread 0x000000001a371800 Exception <a 'java/security/PrivilegedActionException'> (0x00000000d74cb6d8) thrown at [C:\re\workspace\8-2-build-windows-amd64-cygwin\jdk8u111\7883\hotspot\src\share\vm\prims\jvm.cpp, line 1386]
Event: 2.453 Thread 0x000000001a371800 Exception <a 'java/security/PrivilegedActionException'> (0x00000000d74cd248) thrown at [C:\re\workspace\8-2-build-windows-amd64-cygwin\jdk8u111\7883\hotspot\src\share\vm\prims\jvm.cpp, line 1386]
Event: 2.453 Thread 0x000000001a371800 Exception <a 'java/security/PrivilegedActionException'> (0x00000000d74ce368) thrown at [C:\re\workspace\8-2-build-windows-amd64-cygwin\jdk8u111\7883\hotspot\src\share\vm\prims\jvm.cpp, line 1386]
Event: 2.453 Thread 0x000000001a371800 Exception <a 'java/security/PrivilegedActionException'> (0x00000000d74d3488) thrown at [C:\re\workspace\8-2-build-windows-amd64-cygwin\jdk8u111\7883\hotspot\src\share\vm\prims\jvm.cpp, line 1386]
Event: 2.453 Thread 0x000000001a371800 Exception <a 'java/security/PrivilegedActionException'> (0x00000000d74d40e0) thrown at [C:\re\workspace\8-2-build-windows-amd64-cygwin\jdk8u111\7883\hotspot\src\share\vm\prims\jvm.cpp, line 1386]
Event: 2.453 Thread 0x000000001a371800 Exception <a 'java/security/PrivilegedActionException'> (0x00000000d74d4d08) thrown at [C:\re\workspace\8-2-build-windows-amd64-cygwin\jdk8u111\7883\hotspot\src\share\vm\prims\jvm.cpp, line 1386]

Events (10 events):
Event: 2.933 loading class com/jme3/bullet/control/PhysicsControl
Event: 2.933 loading class com/jme3/bullet/control/PhysicsControl done
Event: 2.934 loading class com/jme3/bullet/collision/shapes/SphereCollisionShape
Event: 2.934 loading class com/jme3/bullet/collision/shapes/SphereCollisionShape done
Event: 2.934 loading class com/jme3/bullet/objects/infos/RigidBodyMotionState
Event: 2.934 loading class com/jme3/bullet/objects/infos/RigidBodyMotionState done
Event: 2.936 loading class com/jme3/bullet/control/CharacterControl
Event: 2.936 loading class com/jme3/bullet/control/CharacterControl done
Event: 2.936 loading class com/jme3/bullet/objects/PhysicsCharacter
Event: 2.936 loading class com/jme3/bullet/objects/PhysicsCharacter done


Dynamic libraries:
0x00007ff65ead0000 - 0x00007ff65eb07000 	C:\Program Files\Java\jdk1.8.0_111\bin\java.exe
0x00007fff9ca30000 - 0x00007fff9cc1d000 	C:\Windows\SYSTEM32\ntdll.dll
0x00007fff9c3f0000 - 0x00007fff9c4a3000 	C:\Windows\System32\KERNEL32.DLL
0x00007fff999b0000 - 0x00007fff99c43000 	C:\Windows\System32\KERNELBASE.dll
0x00007fff9a160000 - 0x00007fff9a203000 	C:\Windows\System32\ADVAPI32.dll
0x00007fff99fe0000 - 0x00007fff9a07e000 	C:\Windows\System32\msvcrt.dll
0x00007fff9bbe0000 - 0x00007fff9bc7e000 	C:\Windows\System32\sechost.dll
0x00007fff9c7e0000 - 0x00007fff9c902000 	C:\Windows\System32\RPCRT4.dll
0x00007fff9c250000 - 0x00007fff9c3e7000 	C:\Windows\System32\USER32.dll
0x00007fff98af0000 - 0x00007fff98b10000 	C:\Windows\System32\win32u.dll
0x00007fff9c220000 - 0x00007fff9c249000 	C:\Windows\System32\GDI32.dll
0x00007fff99040000 - 0x00007fff991d9000 	C:\Windows\System32\gdi32full.dll
0x00007fff98f40000 - 0x00007fff98fe0000 	C:\Windows\System32\msvcp_win.dll
0x00007fff98e40000 - 0x00007fff98f3a000 	C:\Windows\System32\ucrtbase.dll
0x00007fff8cb20000 - 0x00007fff8cd99000 	C:\Windows\WinSxS\amd64_microsoft.windows.common-controls_6595b64144ccf1df_6.0.17763.737_none_05b6437c071e554b\COMCTL32.dll
0x00007fff9c4b0000 - 0x00007fff9c7dc000 	C:\Windows\System32\combase.dll
0x00007fff991e0000 - 0x00007fff9925e000 	C:\Windows\System32\bcryptPrimitives.dll
0x00007fff9b890000 - 0x00007fff9b8be000 	C:\Windows\System32\IMM32.DLL
0x000000006e030000 - 0x000000006e102000 	C:\Program Files\Java\jdk1.8.0_111\jre\bin\msvcr100.dll
0x000000006e110000 - 0x000000006e9aa000 	C:\Program Files\Java\jdk1.8.0_111\jre\bin\server\jvm.dll
0x00007fff9ba60000 - 0x00007fff9ba68000 	C:\Windows\System32\PSAPI.DLL
0x00007fff927e0000 - 0x00007fff927e9000 	C:\Windows\SYSTEM32\WSOCK32.dll
0x00007fff8ee00000 - 0x00007fff8ee24000 	C:\Windows\SYSTEM32\WINMM.dll
0x00007fff90bd0000 - 0x00007fff90bda000 	C:\Windows\SYSTEM32\VERSION.dll
0x00007fff9bc80000 - 0x00007fff9bced000 	C:\Windows\System32\WS2_32.dll
0x00007fff8edd0000 - 0x00007fff8edfd000 	C:\Windows\SYSTEM32\winmmbase.dll
0x00007fff98b10000 - 0x00007fff98b5a000 	C:\Windows\System32\cfgmgr32.dll
0x000000006dfe0000 - 0x000000006dfef000 	C:\Program Files\Java\jdk1.8.0_111\jre\bin\verify.dll
0x000000006dfb0000 - 0x000000006dfd9000 	C:\Program Files\Java\jdk1.8.0_111\jre\bin\java.dll
0x000000006df90000 - 0x000000006dfa6000 	C:\Program Files\Java\jdk1.8.0_111\jre\bin\zip.dll
0x00007fff9a210000 - 0x00007fff9b702000 	C:\Windows\System32\SHELL32.dll
0x00007fff9c170000 - 0x00007fff9c218000 	C:\Windows\System32\shcore.dll
0x00007fff99260000 - 0x00007fff999aa000 	C:\Windows\System32\windows.storage.dll
0x00007fff98a40000 - 0x00007fff98a64000 	C:\Windows\System32\profapi.dll
0x00007fff98a90000 - 0x00007fff98aed000 	C:\Windows\System32\powrprof.dll
0x00007fff9ba00000 - 0x00007fff9ba52000 	C:\Windows\System32\shlwapi.dll
0x00007fff98a70000 - 0x00007fff98a81000 	C:\Windows\System32\kernel.appcore.dll
0x00007fff98e20000 - 0x00007fff98e37000 	C:\Windows\System32\cryptsp.dll
0x000000006ddb0000 - 0x000000006df48000 	C:\Program Files\Java\jdk1.8.0_111\jre\bin\awt.dll
0x00007fff9c930000 - 0x00007fff9c9f4000 	C:\Windows\System32\OLEAUT32.dll
0x00007fff96d30000 - 0x00007fff96dbc000 	C:\Windows\SYSTEM32\apphelp.dll
0x00007fff97010000 - 0x00007fff970ac000 	C:\Windows\system32\uxtheme.dll
0x00007fff9ba70000 - 0x00007fff9bbdb000 	C:\Windows\System32\MSCTF.dll
0x00007fff970e0000 - 0x00007fff9710e000 	C:\Windows\system32\dwmapi.dll
0x00007fff98c10000 - 0x00007fff98deb000 	C:\Windows\System32\CRYPT32.dll
0x00007fff98a20000 - 0x00007fff98a32000 	C:\Windows\System32\MSASN1.dll
0x00007fff99e00000 - 0x00007fff99f55000 	C:\Windows\System32\ole32.dll
0x000000006dd60000 - 0x000000006dda7000 	C:\Program Files\Java\jdk1.8.0_111\jre\bin\fontmanager.dll
0x000000006df70000 - 0x000000006df8a000 	C:\Program Files\Java\jdk1.8.0_111\jre\bin\net.dll
0x00007fff98230000 - 0x00007fff98297000 	C:\Windows\system32\mswsock.dll
0x000000006df50000 - 0x000000006df61000 	C:\Program Files\Java\jdk1.8.0_111\jre\bin\nio.dll
0x000000006dd10000 - 0x000000006dd52000 	C:\Program Files\Java\jdk1.8.0_111\jre\bin\t2k.dll
0x00007fff8da00000 - 0x00007fff8da95000 	C:\Windows\System32\TextInputFramework.dll
0x00007fff86610000 - 0x00007fff86932000 	C:\Windows\System32\CoreUIComponents.dll
0x00007fff96ae0000 - 0x00007fff96bc2000 	C:\Windows\System32\CoreMessaging.dll
0x00007fff97a60000 - 0x00007fff97a91000 	C:\Windows\SYSTEM32\ntmarta.dll
0x00007fff950b0000 - 0x00007fff95203000 	C:\Windows\SYSTEM32\wintypes.dll
0x00007fff9b780000 - 0x00007fff9b822000 	C:\Windows\System32\clbcatq.dll
0x00007fff5af50000 - 0x00007fff5b122000 	E:\walter\faculdade\Jmonkey\bulletjme.dll
0x0000000180000000 - 0x0000000180064000 	E:\walter\faculdade\Jmonkey\OpenAL64.dll
0x0000000003220000 - 0x0000000003273000 	E:\walter\faculdade\Jmonkey\lwjgl64.dll
0x00007fff83c20000 - 0x00007fff83d47000 	C:\Windows\SYSTEM32\OPENGL32.dll
0x00007fff8d9d0000 - 0x00007fff8d9fc000 	C:\Windows\SYSTEM32\GLU32.dll
0x00007fff4e9a0000 - 0x00007fff4f1d3000 	C:\Windows\SYSTEM32\ig7icd64.dll
0x00007fff840f0000 - 0x00007fff8454f000 	C:\Windows\SYSTEM32\igdusc64.dll
0x00007fff955c0000 - 0x00007fff955d3000 	C:\Windows\SYSTEM32\WTSAPI32.dll
0x00007fff8b880000 - 0x00007fff8b92d000 	C:\Windows\SYSTEM32\mscms.dll
0x00007fff98950000 - 0x00007fff98978000 	C:\Windows\SYSTEM32\USERENV.dll
0x00007fff932d0000 - 0x00007fff932e0000 	C:\Windows\SYSTEM32\ColorAdapterClient.dll
0x00007fff72510000 - 0x00007fff72553000 	C:\Windows\SYSTEM32\icm32.dll
0x00007fff97820000 - 0x00007fff978e2000 	C:\Windows\SYSTEM32\dxgi.dll
0x00007fff95e90000 - 0x00007fff9610e000 	C:\Windows\SYSTEM32\d3d11.dll
0x00007fff84550000 - 0x00007fff850f3000 	C:\Windows\SYSTEM32\igd10iumd64.dll
0x00007fff98df0000 - 0x00007fff98e16000 	C:\Windows\System32\bcrypt.dll
0x00007fff98500000 - 0x00007fff98526000 	C:\Windows\SYSTEM32\ncrypt.dll
0x00007fff984c0000 - 0x00007fff984fc000 	C:\Windows\SYSTEM32\NTASN1.dll
0x00007fff93ca0000 - 0x00007fff93d10000 	C:\Windows\System32\MMDevApi.dll
0x00007fff93970000 - 0x00007fff93b19000 	C:\Windows\System32\PROPSYS.dll
0x00007fff987d0000 - 0x00007fff987f9000 	C:\Windows\System32\DEVOBJ.dll
0x00007fff74b40000 - 0x00007fff74bd6000 	C:\Windows\SYSTEM32\dsound.dll
0x00007fff944f0000 - 0x00007fff94638000 	C:\Windows\SYSTEM32\AUDIOSES.DLL
0x00007fff93d10000 - 0x00007fff93d1a000 	C:\Windows\SYSTEM32\AVRT.dll
0x00007fff97400000 - 0x00007fff97414000 	C:\Windows\SYSTEM32\resourcepolicyclient.dll
0x000000006dba0000 - 0x000000006dbd1000 	C:\Program Files\Java\jdk1.8.0_111\jre\bin\jpeg.dll
0x00007fff93570000 - 0x00007fff9375d000 	C:\Windows\SYSTEM32\dbghelp.dll

VM Arguments:
jvm_args: -Dfile.encoding=UTF-8 
java_command: teste.HelloCollision
java_class_path (initial): E:\Downloads\jmonkeyplatform (1)\jmonkeyplatform\jmonkeyplatform\libs\jme3-jogg-3.1.0-stable.jar;E:\Downloads\jmonkeyplatform (1)\jmonkeyplatform\jmonkeyplatform\libs\j-ogg-all-1.0.0.jar;E:\Downloads\jmonkeyplatform (1)\jmonkeyplatform\jmonkeyplatform\libs\jme3-networking-3.1.0-stable.jar;E:\Downloads\jmonkeyplatform (1)\jmonkeyplatform\jmonkeyplatform\libs\jme3-plugins-3.1.0-stable.jar;E:\Downloads\jmonkeyplatform (1)\jmonkeyplatform\jmonkeyplatform\libs\jme3-core-3.1.0-stable.jar;E:\Downloads\jmonkeyplatform (1)\jmonkeyplatform\jmonkeyplatform\libs\jme3-desktop-3.1.0-stable.jar;E:\Downloads\jmonkeyplatform (1)\jmonkeyplatform\jmonkeyplatform\libs\jme3-lwjgl-3.1.0-stable.jar;E:\Downloads\jmonkeyplatform (1)\jmonkeyplatform\jmonkeyplatform\libs\lwjgl-platform-2.9.3-natives-linux.jar;E:\Downloads\jmonkeyplatform (1)\jmonkeyplatform\jmonkeyplatform\libs\lwjgl-platform-2.9.3-natives-osx.jar;E:\Downloads\jmonkeyplatform (1)\jmonkeyplatform\jmonkeyplatform\libs\lwjgl-platform-2.9.3-natives-windows.jar;E:\Downloads\jmonkeyplatform (1)\jmonkeyplatform\jmonkeyplatform\libs\jutils-1.0.0.jar;E:\Downloads\jmonkeyplatform (1)\jmonkeyplatform\jmonkeyplatform\libs\jinput-2.0.5.jar;E:\Downloads\jmonkeyplatform (1)\jmonkeyplatform\jmonkeyplatform\libs\lwjgl-2.9.3.jar;E:\Downloads\jmonkeyplatform (1)\jmonkeyplatform\jmonkeyplatform\libs\jinput-platform-2.0.5-natives-linux.jar;E:\Downloads\jmonkeyplatform (1)\jmonkeyplatform\jmonkeyplatform\libs\jinput-platform-2.0.5-natives-osx.jar;E:\Downloads\jmonkeyplatform (1)\jmonkeyplatform\jmonkeyplatform\libs\jinput-platform-2.0.5-natives-windows.jar;E:\Downloads\jmonkeyplatform (1)\jmonkeyplatform\jmonkeyplatform\libs\jme3-effects-3.1.0-stable.jar;E:\Downloads\jmonkeyplatform (1)\jmonkeyplatform\jmonkeyplatform\libs\jme3-terrain-3.1.0-stable.jar;E:\Downloads\jmonkeyplatform (1)\jmonkeyplatform\jmonkeyplatform\libs\jme3-bullet-3.1.0-stable.jar;E:\Downloads\jmonkeyplatform (1)\jmonkeyplatform\jmonkeyplatform\libs\
Launcher Type: SUN_STANDARD

Environment Variables:
PATH=C:\Program Files (x86)\Borland\Delphi7\Bin;C:\Program Files (x86)\Borland\Delphi7\Projects\Bpl\;C:\Program Files (x86)\CollabNet;C:\Program Files (x86)\Embarcadero\Studio\15.0\bin;C:\Users\Public\Documents\Embarcadero\Studio\15.0\Bpl;C:\Program Files (x86)\Embarcadero\Studio\15.0\bin64;C:\Users\Public\Documents\Embarcadero\Studio\15.0\Bpl\Win64;C:\Program Files (x86)\Common Files\Oracle\Java\javapath;C:\ProgramData\Oracle\Java\javapath;C:\Program Files (x86)\Embarcadero\Studio\20.0\bin;C:\Users\Public\Documents\Embarcadero\Studio\20.0\Bpl;C:\Program Files (x86)\Embarcadero\Studio\20.0\bin64;C:\Users\Public\Documents\Embarcadero\Studio\20.0\Bpl\Win64;C:\Windows\system32;C:\Windows;C:\Windows\System32\Wbem;C:\Windows\System32\WindowsPowerShell\v1.0\;C:\Windows\System32\OpenSSH\;C:\Program Files\nodejs\;C:\Program Files\Git\cmd;C:\Users\walte\AppData\Local\Programs\Python\Python37-32\Scripts\;C:\Users\walte\AppData\Local\Programs\Python\Python37-32\;C:\Users\walte\AppData\Local\Microsoft\WindowsApps;C:\Users\walte\AppData\Roaming\npm;C:\Program Files\heroku\bin
USERNAME=aguia
OS=Windows_NT
PROCESSOR_IDENTIFIER=Intel64 Family 6 Model 58 Stepping 9, GenuineIntel



---------------  S Y S T E M  ---------------

OS: Windows 10.0 , 64 bit Build 17763 (10.0.17763.475)

CPU:total 4 (4 cores per cpu, 1 threads per core) family 6 model 58 stepping 9, cmov, cx8, fxsr, mmx, sse, sse2, sse3, ssse3, sse4.1, sse4.2, popcnt, avx, aes, clmul, erms, tsc, tscinvbit, tscinv

Memory: 4k page, physical 8279492k(2951744k free), swap 10180036k(2418244k free)

vm_info: Java HotSpot(TM) 64-Bit Server VM (25.111-b14) for windows-amd64 JRE (1.8.0_111-b14), built on Sep 22 2016 19:24:05 by "java_re" with MS VC++ 10.0 (VS2010)

time: Fri Sep 13 11:48:15 2019
elapsed time: 2 seconds (0d 0h 0m 2s)

